{"/Users/tebstest/Documents/GitHub/Mystefy-Frontend/client/src/ui/Components/Forms/FinishedProductComponents/ProducePerfumeForm.tsx": {"path":"/Users/tebstest/Documents/GitHub/Mystefy-Frontend/client/src/ui/Components/Forms/FinishedProductComponents/ProducePerfumeForm.tsx","statementMap":{"0":{"start":{"line":1,"column":0},"end":{"line":1,"column":null}},"1":{"start":{"line":19,"column":0},"end":{"line":19,"column":51}},"2":{"start":{"line":20,"column":0},"end":{"line":20,"column":60}},"3":{"start":{"line":21,"column":0},"end":{"line":21,"column":79}},"4":{"start":{"line":24,"column":0},"end":{"line":24,"column":95}},"5":{"start":{"line":31,"column":27},"end":{"line":267,"column":1}},"6":{"start":{"line":33,"column":40},"end":{"line":33,"column":66}},"7":{"start":{"line":34,"column":56},"end":{"line":36,"column":7}},"8":{"start":{"line":38,"column":26},"end":{"line":38,"column":38}},"9":{"start":{"line":39,"column":40},"end":{"line":39,"column":52}},"10":{"start":{"line":40,"column":26},"end":{"line":40,"column":45}},"11":{"start":{"line":41,"column":30},"end":{"line":41,"column":49}},"12":{"start":{"line":42,"column":38},"end":{"line":42,"column":50}},"13":{"start":{"line":44,"column":2},"end":{"line":54,"column":9}},"14":{"start":{"line":46,"column":6},"end":{"line":51,"column":7}},"15":{"start":{"line":47,"column":21},"end":{"line":47,"column":46}},"16":{"start":{"line":48,"column":8},"end":{"line":48,"column":29}},"17":{"start":{"line":50,"column":8},"end":{"line":50,"column":60}},"18":{"start":{"line":53,"column":4},"end":{"line":53,"column":23}},"19":{"start":{"line":59,"column":37},"end":{"line":73,"column":1}},"20":{"start":{"line":60,"column":19},"end":{"line":60,"column":49}},"21":{"start":{"line":62,"column":29},"end":{"line":70,"column":4}},"22":{"start":{"line":63,"column":21},"end":{"line":63,"column":69}},"23":{"start":{"line":63,"column":53},"end":{"line":63,"column":68}},"24":{"start":{"line":64,"column":20},"end":{"line":64,"column":60}},"25":{"start":{"line":64,"column":44},"end":{"line":64,"column":59}},"26":{"start":{"line":65,"column":4},"end":{"line":69,"column":6}},"27":{"start":{"line":72,"column":2},"end":{"line":72,"column":45}},"28":{"start":{"line":75,"column":29},"end":{"line":79,"column":3}},"29":{"start":{"line":76,"column":4},"end":{"line":78,"column":6}},"30":{"start":{"line":77,"column":6},"end":{"line":77,"column":78}},"31":{"start":{"line":77,"column":23},"end":{"line":77,"column":76}},"32":{"start":{"line":80,"column":23},"end":{"line":117,"column":3}},"33":{"start":{"line":81,"column":4},"end":{"line":81,"column":23}},"34":{"start":{"line":83,"column":23},"end":{"line":83,"column":33}},"35":{"start":{"line":84,"column":4},"end":{"line":84,"column":52}},"36":{"start":{"line":86,"column":37},"end":{"line":92,"column":6}},"37":{"start":{"line":94,"column":4},"end":{"line":116,"column":5}},"38":{"start":{"line":95,"column":31},"end":{"line":95,"column":60}},"39":{"start":{"line":97,"column":6},"end":{"line":105,"column":8}},"40":{"start":{"line":99,"column":10},"end":{"line":103,"column":12}},"41":{"start":{"line":106,"column":6},"end":{"line":106,"column":18}},"42":{"start":{"line":107,"column":6},"end":{"line":107,"column":25}},"43":{"start":{"line":108,"column":6},"end":{"line":108,"column":17}},"44":{"start":{"line":109,"column":6},"end":{"line":109,"column":19}},"45":{"start":{"line":110,"column":6},"end":{"line":110,"column":24}},"46":{"start":{"line":111,"column":6},"end":{"line":111,"column":33}},"47":{"start":{"line":112,"column":6},"end":{"line":112,"column":63}},"48":{"start":{"line":114,"column":6},"end":{"line":114,"column":55}},"49":{"start":{"line":115,"column":6},"end":{"line":115,"column":42}},"50":{"start":{"line":119,"column":2},"end":{"line":266,"column":4}},"51":{"start":{"line":128,"column":29},"end":{"line":128,"column":52}},"52":{"start":{"line":141,"column":29},"end":{"line":141,"column":59}},"53":{"start":{"line":157,"column":29},"end":{"line":157,"column":60}},"54":{"start":{"line":171,"column":29},"end":{"line":171,"column":62}},"55":{"start":{"line":184,"column":29},"end":{"line":184,"column":58}},"56":{"start":{"line":195,"column":50},"end":{"line":195,"column":56}},"57":{"start":{"line":198,"column":40},"end":{"line":198,"column":72}},"58":{"start":{"line":203,"column":14},"end":{"line":203,"column":46}},"59":{"start":{"line":206,"column":27},"end":{"line":206,"column":53}},"60":{"start":{"line":234,"column":20},"end":{"line":234,"column":null}},"61":{"start":{"line":241,"column":28},"end":{"line":241,"column":80}},"62":{"start":{"line":269,"column":0},"end":{"line":269,"column":34}}},"fnMap":{"0":{"name":"(anonymous_1)","decl":{"start":{"line":31,"column":27},"end":{"line":31,"column":30}},"loc":{"start":{"line":31,"column":32},"end":{"line":267,"column":1}}},"1":{"name":"(anonymous_2)","decl":{"start":{"line":44,"column":12},"end":{"line":44,"column":15}},"loc":{"start":{"line":44,"column":17},"end":{"line":54,"column":3}}},"2":{"name":"fetchIngredients","decl":{"start":{"line":45,"column":19},"end":{"line":45,"column":35}},"loc":{"start":{"line":45,"column":35},"end":{"line":52,"column":5}}},"3":{"name":"(anonymous_4)","decl":{"start":{"line":59,"column":37},"end":{"line":59,"column":38}},"loc":{"start":{"line":59,"column":76},"end":{"line":73,"column":1}}},"4":{"name":"(anonymous_5)","decl":{"start":{"line":62,"column":42},"end":{"line":62,"column":43}},"loc":{"start":{"line":62,"column":51},"end":{"line":70,"column":3}}},"5":{"name":"(anonymous_6)","decl":{"start":{"line":63,"column":46},"end":{"line":63,"column":47}},"loc":{"start":{"line":63,"column":53},"end":{"line":63,"column":68}}},"6":{"name":"(anonymous_7)","decl":{"start":{"line":64,"column":37},"end":{"line":64,"column":38}},"loc":{"start":{"line":64,"column":44},"end":{"line":64,"column":59}}},"7":{"name":"(anonymous_8)","decl":{"start":{"line":75,"column":29},"end":{"line":75,"column":30}},"loc":{"start":{"line":75,"column":61},"end":{"line":79,"column":3}}},"8":{"name":"(anonymous_9)","decl":{"start":{"line":76,"column":27},"end":{"line":76,"column":28}},"loc":{"start":{"line":77,"column":6},"end":{"line":77,"column":78}}},"9":{"name":"(anonymous_10)","decl":{"start":{"line":77,"column":15},"end":{"line":77,"column":16}},"loc":{"start":{"line":77,"column":23},"end":{"line":77,"column":76}}},"10":{"name":"(anonymous_11)","decl":{"start":{"line":80,"column":23},"end":{"line":80,"column":28}},"loc":{"start":{"line":80,"column":52},"end":{"line":117,"column":3}}},"11":{"name":"(anonymous_12)","decl":{"start":{"line":98,"column":32},"end":{"line":98,"column":33}},"loc":{"start":{"line":99,"column":10},"end":{"line":103,"column":12}}},"12":{"name":"(anonymous_13)","decl":{"start":{"line":128,"column":22},"end":{"line":128,"column":23}},"loc":{"start":{"line":128,"column":29},"end":{"line":128,"column":52}}},"13":{"name":"(anonymous_14)","decl":{"start":{"line":141,"column":22},"end":{"line":141,"column":23}},"loc":{"start":{"line":141,"column":29},"end":{"line":141,"column":59}}},"14":{"name":"(anonymous_15)","decl":{"start":{"line":157,"column":22},"end":{"line":157,"column":23}},"loc":{"start":{"line":157,"column":29},"end":{"line":157,"column":60}}},"15":{"name":"(anonymous_16)","decl":{"start":{"line":171,"column":22},"end":{"line":171,"column":23}},"loc":{"start":{"line":171,"column":29},"end":{"line":171,"column":62}}},"16":{"name":"(anonymous_17)","decl":{"start":{"line":184,"column":22},"end":{"line":184,"column":23}},"loc":{"start":{"line":184,"column":29},"end":{"line":184,"column":58}}},"17":{"name":"(anonymous_18)","decl":{"start":{"line":195,"column":43},"end":{"line":195,"column":44}},"loc":{"start":{"line":195,"column":50},"end":{"line":195,"column":56}}},"18":{"name":"(anonymous_19)","decl":{"start":{"line":198,"column":25},"end":{"line":198,"column":26}},"loc":{"start":{"line":198,"column":40},"end":{"line":198,"column":72}}},"19":{"name":"(anonymous_20)","decl":{"start":{"line":202,"column":29},"end":{"line":202,"column":30}},"loc":{"start":{"line":203,"column":14},"end":{"line":203,"column":46}}},"20":{"name":"(anonymous_21)","decl":{"start":{"line":206,"column":20},"end":{"line":206,"column":21}},"loc":{"start":{"line":206,"column":27},"end":{"line":206,"column":53}}},"21":{"name":"(anonymous_22)","decl":{"start":{"line":233,"column":43},"end":{"line":233,"column":44}},"loc":{"start":{"line":234,"column":20},"end":{"line":234,"column":null}}},"22":{"name":"(anonymous_23)","decl":{"start":{"line":240,"column":36},"end":{"line":240,"column":37}},"loc":{"start":{"line":241,"column":28},"end":{"line":241,"column":80}}}},"branchMap":{"0":{"loc":{"start":{"line":66,"column":10},"end":{"line":66,"column":41}},"type":"binary-expr","locations":[{"start":{"line":66,"column":10},"end":{"line":66,"column":21}},{"start":{"line":66,"column":25},"end":{"line":66,"column":36}},{"start":{"line":66,"column":40},"end":{"line":66,"column":41}}]},"1":{"loc":{"start":{"line":68,"column":14},"end":{"line":68,"column":35}},"type":"binary-expr","locations":[{"start":{"line":68,"column":14},"end":{"line":68,"column":30}},{"start":{"line":68,"column":34},"end":{"line":68,"column":35}}]},"2":{"loc":{"start":{"line":77,"column":23},"end":{"line":77,"column":76}},"type":"cond-expr","locations":[{"start":{"line":77,"column":41},"end":{"line":77,"column":72}},{"start":{"line":77,"column":75},"end":{"line":77,"column":76}}]},"3":{"loc":{"start":{"line":215,"column":9},"end":{"line":252,"column":null}},"type":"binary-expr","locations":[{"start":{"line":215,"column":9},"end":{"line":215,"column":39}},{"start":{"line":216,"column":10},"end":{"line":251,"column":null}}]}},"s":{"0":1,"1":1,"2":1,"3":1,"4":1,"5":1,"6":19,"7":19,"8":19,"9":19,"10":19,"11":19,"12":19,"13":19,"14":4,"15":4,"16":4,"17":0,"18":4,"19":19,"20":0,"21":0,"22":0,"23":0,"24":0,"25":0,"26":0,"27":0,"28":19,"29":0,"30":0,"31":0,"32":19,"33":0,"34":0,"35":0,"36":0,"37":0,"38":0,"39":0,"40":0,"41":0,"42":0,"43":0,"44":0,"45":0,"46":0,"47":0,"48":0,"49":0,"50":19,"51":3,"52":3,"53":3,"54":3,"55":0,"56":0,"57":0,"58":30,"59":0,"60":0,"61":0,"62":1},"f":{"0":19,"1":4,"2":4,"3":0,"4":0,"5":0,"6":0,"7":0,"8":0,"9":0,"10":0,"11":0,"12":3,"13":3,"14":3,"15":3,"16":0,"17":0,"18":0,"19":30,"20":0,"21":0,"22":0},"b":{"0":[0,0,0],"1":[0,0],"2":[0,0],"3":[19,0]}}
,"/Users/tebstest/Documents/GitHub/Mystefy-Frontend/client/src/ui/Components/Forms/Record Loss/Button/RecordWasteBtn.tsx": {"path":"/Users/tebstest/Documents/GitHub/Mystefy-Frontend/client/src/ui/Components/Forms/Record Loss/Button/RecordWasteBtn.tsx","statementMap":{"0":{"start":{"line":1,"column":0},"end":{"line":1,"column":39}},"1":{"start":{"line":2,"column":0},"end":{"line":2,"column":58}},"2":{"start":{"line":10,"column":2},"end":{"line":22,"column":4}},"3":{"start":{"line":25,"column":0},"end":{"line":25,"column":30}}},"fnMap":{"0":{"name":"RecordWasteBtn","decl":{"start":{"line":9,"column":9},"end":{"line":9,"column":23}},"loc":{"start":{"line":9,"column":60},"end":{"line":23,"column":1}}}},"branchMap":{"0":{"loc":{"start":{"line":9,"column":35},"end":{"line":9,"column":51}},"type":"default-arg","locations":[{"start":{"line":9,"column":46},"end":{"line":9,"column":51}}]},"1":{"loc":{"start":{"line":17,"column":42},"end":{"line":17,"column":73}},"type":"cond-expr","locations":[{"start":{"line":17,"column":54},"end":{"line":17,"column":68}},{"start":{"line":17,"column":71},"end":{"line":17,"column":73}}]}},"s":{"0":1,"1":1,"2":1,"3":1},"f":{"0":1},"b":{"0":[0],"1":[0,1]}}
,"/Users/tebstest/Documents/GitHub/Mystefy-Frontend/client/src/ui/Components/Forms/Record Loss/Item/RecordItem.tsx": {"path":"/Users/tebstest/Documents/GitHub/Mystefy-Frontend/client/src/ui/Components/Forms/Record Loss/Item/RecordItem.tsx","statementMap":{"0":{"start":{"line":15,"column":0},"end":{"line":15,"column":24}},"1":{"start":{"line":1,"column":0},"end":{"line":1,"column":44}},"2":{"start":{"line":2,"column":0},"end":{"line":2,"column":74}},"3":{"start":{"line":16,"column":28},"end":{"line":16,"column":48}},"4":{"start":{"line":19,"column":23},"end":{"line":32,"column":3}},"5":{"start":{"line":20,"column":4},"end":{"line":31,"column":5}},"6":{"start":{"line":22,"column":8},"end":{"line":22,"column":35}},"7":{"start":{"line":24,"column":8},"end":{"line":24,"column":34}},"8":{"start":{"line":26,"column":8},"end":{"line":26,"column":34}},"9":{"start":{"line":28,"column":8},"end":{"line":28,"column":47}},"10":{"start":{"line":30,"column":8},"end":{"line":30,"column":29}},"11":{"start":{"line":34,"column":2},"end":{"line":63,"column":17}},"12":{"start":{"line":35,"column":23},"end":{"line":60,"column":5}},"13":{"start":{"line":36,"column":6},"end":{"line":59,"column":7}},"14":{"start":{"line":38,"column":8},"end":{"line":54,"column":9}},"15":{"start":{"line":40,"column":12},"end":{"line":40,"column":80}},"16":{"start":{"line":41,"column":12},"end":{"line":41,"column":18}},"17":{"start":{"line":43,"column":12},"end":{"line":43,"column":74}},"18":{"start":{"line":44,"column":12},"end":{"line":44,"column":18}},"19":{"start":{"line":46,"column":12},"end":{"line":46,"column":74}},"20":{"start":{"line":47,"column":12},"end":{"line":47,"column":18}},"21":{"start":{"line":49,"column":12},"end":{"line":49,"column":85}},"22":{"start":{"line":50,"column":12},"end":{"line":50,"column":18}},"23":{"start":{"line":52,"column":12},"end":{"line":52,"column":25}},"24":{"start":{"line":53,"column":12},"end":{"line":53,"column":19}},"25":{"start":{"line":55,"column":21},"end":{"line":55,"column":42}},"26":{"start":{"line":56,"column":8},"end":{"line":56,"column":23}},"27":{"start":{"line":58,"column":8},"end":{"line":58,"column":53}},"28":{"start":{"line":62,"column":4},"end":{"line":62,"column":31}},"29":{"start":{"line":62,"column":18},"end":{"line":62,"column":31}},"30":{"start":{"line":65,"column":2},"end":{"line":83,"column":4}},"31":{"start":{"line":72,"column":25},"end":{"line":72,"column":49}},"32":{"start":{"line":77,"column":10},"end":{"line":77,"column":34}}},"fnMap":{"0":{"name":"RecordItem","decl":{"start":{"line":15,"column":24},"end":{"line":15,"column":34}},"loc":{"start":{"line":15,"column":71},"end":{"line":84,"column":1}}},"1":{"name":"(anonymous_1)","decl":{"start":{"line":19,"column":23},"end":{"line":19,"column":26}},"loc":{"start":{"line":19,"column":28},"end":{"line":32,"column":3}}},"2":{"name":"(anonymous_2)","decl":{"start":{"line":34,"column":12},"end":{"line":34,"column":15}},"loc":{"start":{"line":34,"column":17},"end":{"line":63,"column":3}}},"3":{"name":"(anonymous_3)","decl":{"start":{"line":35,"column":23},"end":{"line":35,"column":28}},"loc":{"start":{"line":35,"column":34},"end":{"line":60,"column":5}}},"4":{"name":"(anonymous_4)","decl":{"start":{"line":72,"column":18},"end":{"line":72,"column":19}},"loc":{"start":{"line":72,"column":25},"end":{"line":72,"column":49}}},"5":{"name":"(anonymous_5)","decl":{"start":{"line":76,"column":19},"end":{"line":76,"column":20}},"loc":{"start":{"line":77,"column":10},"end":{"line":77,"column":34}}}},"branchMap":{"0":{"loc":{"start":{"line":20,"column":4},"end":{"line":31,"column":5}},"type":"switch","locations":[{"start":{"line":21,"column":6},"end":{"line":22,"column":35}},{"start":{"line":23,"column":6},"end":{"line":24,"column":34}},{"start":{"line":25,"column":6},"end":{"line":26,"column":34}},{"start":{"line":27,"column":6},"end":{"line":28,"column":47}},{"start":{"line":29,"column":6},"end":{"line":30,"column":29}}]},"1":{"loc":{"start":{"line":38,"column":8},"end":{"line":54,"column":9}},"type":"switch","locations":[{"start":{"line":39,"column":10},"end":{"line":41,"column":18}},{"start":{"line":42,"column":10},"end":{"line":44,"column":18}},{"start":{"line":45,"column":10},"end":{"line":47,"column":18}},{"start":{"line":48,"column":10},"end":{"line":50,"column":18}},{"start":{"line":51,"column":10},"end":{"line":53,"column":19}}]},"2":{"loc":{"start":{"line":62,"column":4},"end":{"line":62,"column":31}},"type":"if","locations":[{"start":{"line":62,"column":4},"end":{"line":62,"column":31}}]}},"s":{"0":1,"1":1,"2":1,"3":1,"4":1,"5":2,"6":0,"7":0,"8":0,"9":0,"10":2,"11":1,"12":1,"13":0,"14":0,"15":0,"16":0,"17":0,"18":0,"19":0,"20":0,"21":0,"22":0,"23":0,"24":0,"25":0,"26":0,"27":0,"28":1,"29":0,"30":1,"31":0,"32":0},"f":{"0":1,"1":2,"2":1,"3":0,"4":0,"5":0},"b":{"0":[0,0,0,0,2],"1":[0,0,0,0,0],"2":[0]}}
,"/Users/tebstest/Documents/GitHub/Mystefy-Frontend/client/src/ui/Components/Forms/Record Loss/Item Type/Itemtype.tsx": {"path":"/Users/tebstest/Documents/GitHub/Mystefy-Frontend/client/src/ui/Components/Forms/Record Loss/Item Type/Itemtype.tsx","statementMap":{"0":{"start":{"line":8,"column":0},"end":{"line":8,"column":24}},"1":{"start":{"line":1,"column":0},"end":{"line":1,"column":74}},"2":{"start":{"line":9,"column":2},"end":{"line":25,"column":4}},"3":{"start":{"line":16,"column":25},"end":{"line":16,"column":49}}},"fnMap":{"0":{"name":"ItemType","decl":{"start":{"line":8,"column":24},"end":{"line":8,"column":32}},"loc":{"start":{"line":8,"column":59},"end":{"line":26,"column":1}}},"1":{"name":"(anonymous_1)","decl":{"start":{"line":16,"column":18},"end":{"line":16,"column":19}},"loc":{"start":{"line":16,"column":25},"end":{"line":16,"column":49}}}},"branchMap":{},"s":{"0":1,"1":1,"2":1,"3":0},"f":{"0":1,"1":0},"b":{}}
,"/Users/tebstest/Documents/GitHub/Mystefy-Frontend/client/src/ui/Components/Forms/Record Loss/Quantity Lost/QuantityForm.tsx": {"path":"/Users/tebstest/Documents/GitHub/Mystefy-Frontend/client/src/ui/Components/Forms/Record Loss/Quantity Lost/QuantityForm.tsx","statementMap":{"0":{"start":{"line":9,"column":0},"end":{"line":9,"column":24}},"1":{"start":{"line":1,"column":0},"end":{"line":1,"column":36}},"2":{"start":{"line":2,"column":0},"end":{"line":2,"column":48}},"3":{"start":{"line":10,"column":2},"end":{"line":28,"column":4}},"4":{"start":{"line":24,"column":23},"end":{"line":24,"column":47}}},"fnMap":{"0":{"name":"QuantityForm","decl":{"start":{"line":9,"column":24},"end":{"line":9,"column":36}},"loc":{"start":{"line":9,"column":63},"end":{"line":29,"column":1}}},"1":{"name":"(anonymous_2)","decl":{"start":{"line":24,"column":16},"end":{"line":24,"column":17}},"loc":{"start":{"line":24,"column":23},"end":{"line":24,"column":47}}}},"branchMap":{},"s":{"0":1,"1":1,"2":1,"3":1,"4":0},"f":{"0":1,"1":0},"b":{}}
,"/Users/tebstest/Documents/GitHub/Mystefy-Frontend/client/src/ui/Components/Forms/Record Loss/Reason/ReasonForm.tsx": {"path":"/Users/tebstest/Documents/GitHub/Mystefy-Frontend/client/src/ui/Components/Forms/Record Loss/Reason/ReasonForm.tsx","statementMap":{"0":{"start":{"line":9,"column":0},"end":{"line":9,"column":24}},"1":{"start":{"line":1,"column":0},"end":{"line":1,"column":36}},"2":{"start":{"line":2,"column":0},"end":{"line":2,"column":48}},"3":{"start":{"line":10,"column":2},"end":{"line":42,"column":4}},"4":{"start":{"line":20,"column":25},"end":{"line":20,"column":49}}},"fnMap":{"0":{"name":"ReasonForm","decl":{"start":{"line":9,"column":24},"end":{"line":9,"column":34}},"loc":{"start":{"line":9,"column":61},"end":{"line":43,"column":1}}},"1":{"name":"(anonymous_2)","decl":{"start":{"line":20,"column":18},"end":{"line":20,"column":19}},"loc":{"start":{"line":20,"column":25},"end":{"line":20,"column":49}}}},"branchMap":{},"s":{"0":1,"1":1,"2":1,"3":1,"4":0},"f":{"0":1,"1":0},"b":{}}
,"/Users/tebstest/Documents/GitHub/Mystefy-Frontend/client/src/ui/Components/Forms/Record Loss/Select/UserSelect.tsx": {"path":"/Users/tebstest/Documents/GitHub/Mystefy-Frontend/client/src/ui/Components/Forms/Record Loss/Select/UserSelect.tsx","statementMap":{"0":{"start":{"line":12,"column":0},"end":{"line":12,"column":24}},"1":{"start":{"line":1,"column":0},"end":{"line":1,"column":44}},"2":{"start":{"line":2,"column":0},"end":{"line":2,"column":73}},"3":{"start":{"line":5,"column":0},"end":{"line":5,"column":65}},"4":{"start":{"line":13,"column":28},"end":{"line":13,"column":48}},"5":{"start":{"line":15,"column":2},"end":{"line":26,"column":9}},"6":{"start":{"line":16,"column":23},"end":{"line":23,"column":5}},"7":{"start":{"line":17,"column":6},"end":{"line":22,"column":7}},"8":{"start":{"line":18,"column":21},"end":{"line":18,"column":37}},"9":{"start":{"line":19,"column":8},"end":{"line":19,"column":23}},"10":{"start":{"line":21,"column":8},"end":{"line":21,"column":55}},"11":{"start":{"line":25,"column":4},"end":{"line":25,"column":17}},"12":{"start":{"line":28,"column":23},"end":{"line":30,"column":3}},"13":{"start":{"line":29,"column":4},"end":{"line":29,"column":33}},"14":{"start":{"line":32,"column":2},"end":{"line":53,"column":4}},"15":{"start":{"line":47,"column":10},"end":{"line":47,"column":38}}},"fnMap":{"0":{"name":"UserSelect","decl":{"start":{"line":12,"column":24},"end":{"line":12,"column":34}},"loc":{"start":{"line":12,"column":61},"end":{"line":54,"column":1}}},"1":{"name":"(anonymous_1)","decl":{"start":{"line":15,"column":12},"end":{"line":15,"column":15}},"loc":{"start":{"line":15,"column":17},"end":{"line":26,"column":3}}},"2":{"name":"(anonymous_2)","decl":{"start":{"line":16,"column":23},"end":{"line":16,"column":28}},"loc":{"start":{"line":16,"column":34},"end":{"line":23,"column":5}}},"3":{"name":"(anonymous_3)","decl":{"start":{"line":28,"column":23},"end":{"line":28,"column":24}},"loc":{"start":{"line":28,"column":52},"end":{"line":30,"column":3}}},"4":{"name":"(anonymous_4)","decl":{"start":{"line":46,"column":19},"end":{"line":46,"column":20}},"loc":{"start":{"line":47,"column":10},"end":{"line":47,"column":38}}}},"branchMap":{},"s":{"0":1,"1":1,"2":1,"3":1,"4":2,"5":2,"6":1,"7":1,"8":1,"9":1,"10":0,"11":1,"12":2,"13":0,"14":2,"15":1},"f":{"0":2,"1":1,"2":1,"3":0,"4":1},"b":{}}
,"/Users/tebstest/Documents/GitHub/Mystefy-Frontend/client/src/ui/Components/Forms/Record Loss/Select/WarehouseSelect.tsx": {"path":"/Users/tebstest/Documents/GitHub/Mystefy-Frontend/client/src/ui/Components/Forms/Record Loss/Select/WarehouseSelect.tsx","statementMap":{"0":{"start":{"line":12,"column":0},"end":{"line":12,"column":24}},"1":{"start":{"line":1,"column":0},"end":{"line":1,"column":44}},"2":{"start":{"line":2,"column":0},"end":{"line":2,"column":74}},"3":{"start":{"line":4,"column":0},"end":{"line":4,"column":78}},"4":{"start":{"line":13,"column":38},"end":{"line":13,"column":63}},"5":{"start":{"line":15,"column":2},"end":{"line":29,"column":9}},"6":{"start":{"line":16,"column":28},"end":{"line":26,"column":5}},"7":{"start":{"line":17,"column":6},"end":{"line":25,"column":7}},"8":{"start":{"line":18,"column":27},"end":{"line":21,"column":10}},"9":{"start":{"line":22,"column":8},"end":{"line":22,"column":34}},"10":{"start":{"line":24,"column":8},"end":{"line":24,"column":59}},"11":{"start":{"line":28,"column":4},"end":{"line":28,"column":22}},"12":{"start":{"line":31,"column":23},"end":{"line":33,"column":3}},"13":{"start":{"line":32,"column":4},"end":{"line":32,"column":33}},"14":{"start":{"line":35,"column":2},"end":{"line":64,"column":4}},"15":{"start":{"line":58,"column":10},"end":{"line":58,"column":41}}},"fnMap":{"0":{"name":"WarehouseSelect","decl":{"start":{"line":12,"column":24},"end":{"line":12,"column":39}},"loc":{"start":{"line":12,"column":66},"end":{"line":65,"column":1}}},"1":{"name":"(anonymous_1)","decl":{"start":{"line":15,"column":12},"end":{"line":15,"column":15}},"loc":{"start":{"line":15,"column":17},"end":{"line":29,"column":3}}},"2":{"name":"(anonymous_2)","decl":{"start":{"line":16,"column":28},"end":{"line":16,"column":33}},"loc":{"start":{"line":16,"column":39},"end":{"line":26,"column":5}}},"3":{"name":"(anonymous_3)","decl":{"start":{"line":31,"column":23},"end":{"line":31,"column":24}},"loc":{"start":{"line":31,"column":52},"end":{"line":33,"column":3}}},"4":{"name":"(anonymous_4)","decl":{"start":{"line":57,"column":24},"end":{"line":57,"column":25}},"loc":{"start":{"line":58,"column":10},"end":{"line":58,"column":41}}}},"branchMap":{},"s":{"0":1,"1":1,"2":1,"3":1,"4":1,"5":1,"6":1,"7":1,"8":1,"9":0,"10":1,"11":1,"12":1,"13":0,"14":1,"15":0},"f":{"0":1,"1":1,"2":1,"3":0,"4":0},"b":{}}
,"/Users/tebstest/Documents/GitHub/Mystefy-Frontend/client/src/ui/Components/Tabs/Record Loss/RecordLoss.tsx": {"path":"/Users/tebstest/Documents/GitHub/Mystefy-Frontend/client/src/ui/Components/Tabs/Record Loss/RecordLoss.tsx","statementMap":{"0":{"start":{"line":1,"column":0},"end":{"line":1,"column":45}},"1":{"start":{"line":2,"column":0},"end":{"line":2,"column":64}},"2":{"start":{"line":3,"column":0},"end":{"line":3,"column":77}},"3":{"start":{"line":4,"column":0},"end":{"line":4,"column":66}},"4":{"start":{"line":5,"column":0},"end":{"line":5,"column":76}},"5":{"start":{"line":6,"column":0},"end":{"line":6,"column":66}},"6":{"start":{"line":7,"column":0},"end":{"line":7,"column":74}},"7":{"start":{"line":8,"column":0},"end":{"line":8,"column":65}},"8":{"start":{"line":9,"column":0},"end":{"line":9,"column":32}},"9":{"start":{"line":12,"column":34},"end":{"line":12,"column":46}},"10":{"start":{"line":13,"column":46},"end":{"line":13,"column":58}},"11":{"start":{"line":14,"column":34},"end":{"line":14,"column":46}},"12":{"start":{"line":15,"column":40},"end":{"line":15,"column":52}},"13":{"start":{"line":16,"column":30},"end":{"line":16,"column":42}},"14":{"start":{"line":17,"column":30},"end":{"line":17,"column":42}},"15":{"start":{"line":19,"column":23},"end":{"line":76,"column":3}},"16":{"start":{"line":20,"column":24},"end":{"line":26,"column":6}},"17":{"start":{"line":28,"column":19},"end":{"line":28,"column":21}},"18":{"start":{"line":29,"column":23},"end":{"line":29,"column":25}},"19":{"start":{"line":31,"column":4},"end":{"line":51,"column":5}},"20":{"start":{"line":33,"column":8},"end":{"line":33,"column":76}},"21":{"start":{"line":34,"column":8},"end":{"line":34,"column":74}},"22":{"start":{"line":35,"column":8},"end":{"line":35,"column":14}},"23":{"start":{"line":37,"column":8},"end":{"line":37,"column":74}},"24":{"start":{"line":38,"column":8},"end":{"line":38,"column":72}},"25":{"start":{"line":39,"column":8},"end":{"line":39,"column":14}},"26":{"start":{"line":41,"column":8},"end":{"line":41,"column":74}},"27":{"start":{"line":42,"column":8},"end":{"line":42,"column":72}},"28":{"start":{"line":43,"column":8},"end":{"line":43,"column":14}},"29":{"start":{"line":45,"column":8},"end":{"line":45,"column":85}},"30":{"start":{"line":46,"column":8},"end":{"line":46,"column":84}},"31":{"start":{"line":47,"column":8},"end":{"line":47,"column":14}},"32":{"start":{"line":49,"column":8},"end":{"line":49,"column":45}},"33":{"start":{"line":50,"column":8},"end":{"line":50,"column":15}},"34":{"start":{"line":53,"column":4},"end":{"line":75,"column":5}},"35":{"start":{"line":54,"column":23},"end":{"line":58,"column":8}},"36":{"start":{"line":60,"column":6},"end":{"line":60,"column":65}},"37":{"start":{"line":60,"column":24},"end":{"line":60,"column":65}},"38":{"start":{"line":62,"column":6},"end":{"line":62,"column":44}},"39":{"start":{"line":65,"column":6},"end":{"line":65,"column":22}},"40":{"start":{"line":66,"column":6},"end":{"line":66,"column":28}},"41":{"start":{"line":67,"column":6},"end":{"line":67,"column":22}},"42":{"start":{"line":68,"column":6},"end":{"line":68,"column":25}},"43":{"start":{"line":69,"column":6},"end":{"line":69,"column":20}},"44":{"start":{"line":70,"column":6},"end":{"line":70,"column":20}},"45":{"start":{"line":72,"column":6},"end":{"line":72,"column":54}},"46":{"start":{"line":73,"column":6},"end":{"line":73,"column":27}},"47":{"start":{"line":74,"column":6},"end":{"line":74,"column":39}},"48":{"start":{"line":80,"column":4},"end":{"line":85,"column":24}},"49":{"start":{"line":87,"column":2},"end":{"line":146,"column":4}},"50":{"start":{"line":149,"column":0},"end":{"line":149,"column":26}}},"fnMap":{"0":{"name":"RecordLoss","decl":{"start":{"line":11,"column":9},"end":{"line":11,"column":19}},"loc":{"start":{"line":11,"column":19},"end":{"line":147,"column":1}}},"1":{"name":"(anonymous_2)","decl":{"start":{"line":19,"column":23},"end":{"line":19,"column":28}},"loc":{"start":{"line":19,"column":34},"end":{"line":76,"column":3}}}},"branchMap":{"0":{"loc":{"start":{"line":31,"column":4},"end":{"line":51,"column":5}},"type":"switch","locations":[{"start":{"line":32,"column":6},"end":{"line":35,"column":14}},{"start":{"line":36,"column":6},"end":{"line":39,"column":14}},{"start":{"line":40,"column":6},"end":{"line":43,"column":14}},{"start":{"line":44,"column":6},"end":{"line":47,"column":14}},{"start":{"line":48,"column":6},"end":{"line":50,"column":15}}]},"1":{"loc":{"start":{"line":60,"column":6},"end":{"line":60,"column":65}},"type":"if","locations":[{"start":{"line":60,"column":6},"end":{"line":60,"column":65}}]},"2":{"loc":{"start":{"line":80,"column":4},"end":{"line":85,"column":24}},"type":"binary-expr","locations":[{"start":{"line":80,"column":4},"end":{"line":80,"column":19}},{"start":{"line":81,"column":4},"end":{"line":81,"column":25}},{"start":{"line":82,"column":4},"end":{"line":82,"column":19}},{"start":{"line":83,"column":4},"end":{"line":83,"column":22}},{"start":{"line":84,"column":4},"end":{"line":84,"column":17}},{"start":{"line":85,"column":4},"end":{"line":85,"column":24}}]}},"s":{"0":1,"1":1,"2":1,"3":1,"4":1,"5":1,"6":1,"7":1,"8":1,"9":1,"10":1,"11":1,"12":1,"13":1,"14":1,"15":1,"16":0,"17":0,"18":0,"19":0,"20":0,"21":0,"22":0,"23":0,"24":0,"25":0,"26":0,"27":0,"28":0,"29":0,"30":0,"31":0,"32":0,"33":0,"34":0,"35":0,"36":0,"37":0,"38":0,"39":0,"40":0,"41":0,"42":0,"43":0,"44":0,"45":0,"46":0,"47":0,"48":1,"49":1,"50":1},"f":{"0":1,"1":0},"b":{"0":[0,0,0,0,0],"1":[0],"2":[1,0,0,0,0,0]}}
,"/Users/tebstest/Documents/GitHub/Mystefy-Frontend/client/src/ui/services/BatchFinishedProductServiceRoute.ts": {"path":"/Users/tebstest/Documents/GitHub/Mystefy-Frontend/client/src/ui/services/BatchFinishedProductServiceRoute.ts","statementMap":{"0":{"start":{"line":5,"column":0},"end":{"line":5,"column":7}},"1":{"start":{"line":3,"column":16},"end":{"line":3,"column":64}},"2":{"start":{"line":6,"column":19},"end":{"line":6,"column":39}},"3":{"start":{"line":7,"column":2},"end":{"line":9,"column":3}},"4":{"start":{"line":8,"column":4},"end":{"line":8,"column":57}},"5":{"start":{"line":10,"column":2},"end":{"line":10,"column":31}}},"fnMap":{"0":{"name":"getFinishedProducts","decl":{"start":{"line":5,"column":22},"end":{"line":5,"column":41}},"loc":{"start":{"line":5,"column":41},"end":{"line":11,"column":1}}}},"branchMap":{"0":{"loc":{"start":{"line":7,"column":2},"end":{"line":9,"column":3}},"type":"if","locations":[{"start":{"line":7,"column":2},"end":{"line":9,"column":3}}]}},"s":{"0":1,"1":1,"2":2,"3":2,"4":1,"5":1},"f":{"0":2},"b":{"0":[1]}}
,"/Users/tebstest/Documents/GitHub/Mystefy-Frontend/client/src/ui/services/FinishedProductService.ts": {"path":"/Users/tebstest/Documents/GitHub/Mystefy-Frontend/client/src/ui/services/FinishedProductService.ts","statementMap":{"0":{"start":{"line":6,"column":0},"end":{"line":6,"column":7}},"1":{"start":{"line":14,"column":0},"end":{"line":14,"column":7}},"2":{"start":{"line":24,"column":0},"end":{"line":24,"column":7}},"3":{"start":{"line":40,"column":0},"end":{"line":40,"column":7}},"4":{"start":{"line":3,"column":17},"end":{"line":3,"column":60}},"5":{"start":{"line":4,"column":22},"end":{"line":4,"column":74}},"6":{"start":{"line":7,"column":19},"end":{"line":7,"column":40}},"7":{"start":{"line":8,"column":2},"end":{"line":10,"column":3}},"8":{"start":{"line":9,"column":4},"end":{"line":9,"column":51}},"9":{"start":{"line":11,"column":2},"end":{"line":11,"column":25}},"10":{"start":{"line":15,"column":19},"end":{"line":17,"column":4}},"11":{"start":{"line":19,"column":2},"end":{"line":21,"column":3}},"12":{"start":{"line":20,"column":4},"end":{"line":20,"column":57}},"13":{"start":{"line":29,"column":14},"end":{"line":33,"column":4}},"14":{"start":{"line":35,"column":2},"end":{"line":35,"column":65}},"15":{"start":{"line":35,"column":15},"end":{"line":35,"column":65}},"16":{"start":{"line":37,"column":2},"end":{"line":37,"column":26}},"17":{"start":{"line":43,"column":14},"end":{"line":47,"column":4}},"18":{"start":{"line":49,"column":2},"end":{"line":49,"column":58}},"19":{"start":{"line":49,"column":15},"end":{"line":49,"column":58}},"20":{"start":{"line":51,"column":2},"end":{"line":51,"column":26}}},"fnMap":{"0":{"name":"getFinishedProducts","decl":{"start":{"line":6,"column":22},"end":{"line":6,"column":41}},"loc":{"start":{"line":6,"column":41},"end":{"line":12,"column":1}}},"1":{"name":"deleteFinishedProduct","decl":{"start":{"line":14,"column":22},"end":{"line":14,"column":43}},"loc":{"start":{"line":14,"column":54},"end":{"line":22,"column":1}}},"2":{"name":"addFinishedProduct","decl":{"start":{"line":24,"column":22},"end":{"line":24,"column":40}},"loc":{"start":{"line":28,"column":1},"end":{"line":38,"column":1}}},"3":{"name":"addFinishedProductPackaging","decl":{"start":{"line":40,"column":22},"end":{"line":40,"column":49}},"loc":{"start":{"line":41,"column":41},"end":{"line":52,"column":1}}}},"branchMap":{"0":{"loc":{"start":{"line":8,"column":2},"end":{"line":10,"column":3}},"type":"if","locations":[{"start":{"line":8,"column":2},"end":{"line":10,"column":3}}]},"1":{"loc":{"start":{"line":19,"column":2},"end":{"line":21,"column":3}},"type":"if","locations":[{"start":{"line":19,"column":2},"end":{"line":21,"column":3}}]},"2":{"loc":{"start":{"line":35,"column":2},"end":{"line":35,"column":65}},"type":"if","locations":[{"start":{"line":35,"column":2},"end":{"line":35,"column":65}}]},"3":{"loc":{"start":{"line":49,"column":2},"end":{"line":49,"column":58}},"type":"if","locations":[{"start":{"line":49,"column":2},"end":{"line":49,"column":58}}]}},"s":{"0":1,"1":1,"2":1,"3":1,"4":1,"5":1,"6":2,"7":2,"8":1,"9":1,"10":2,"11":2,"12":1,"13":0,"14":0,"15":0,"16":0,"17":0,"18":0,"19":0,"20":0},"f":{"0":2,"1":2,"2":0,"3":0},"b":{"0":[1],"1":[1],"2":[0],"3":[0]}}
,"/Users/tebstest/Documents/GitHub/Mystefy-Frontend/client/src/ui/services/IngredientsServiceRoutes.ts": {"path":"/Users/tebstest/Documents/GitHub/Mystefy-Frontend/client/src/ui/services/IngredientsServiceRoutes.ts","statementMap":{"0":{"start":{"line":7,"column":0},"end":{"line":7,"column":7}},"1":{"start":{"line":16,"column":0},"end":{"line":16,"column":7}},"2":{"start":{"line":27,"column":0},"end":{"line":27,"column":7}},"3":{"start":{"line":38,"column":0},"end":{"line":38,"column":7}},"4":{"start":{"line":49,"column":0},"end":{"line":49,"column":7}},"5":{"start":{"line":62,"column":0},"end":{"line":62,"column":7}},"6":{"start":{"line":77,"column":0},"end":{"line":77,"column":7}},"7":{"start":{"line":92,"column":0},"end":{"line":92,"column":7}},"8":{"start":{"line":4,"column":17},"end":{"line":4,"column":56}},"9":{"start":{"line":8,"column":14},"end":{"line":8,"column":44}},"10":{"start":{"line":9,"column":2},"end":{"line":11,"column":3}},"11":{"start":{"line":10,"column":4},"end":{"line":10,"column":51}},"12":{"start":{"line":12,"column":2},"end":{"line":12,"column":20}},"13":{"start":{"line":19,"column":14},"end":{"line":19,"column":73}},"14":{"start":{"line":20,"column":2},"end":{"line":22,"column":3}},"15":{"start":{"line":21,"column":4},"end":{"line":21,"column":60}},"16":{"start":{"line":23,"column":2},"end":{"line":23,"column":20}},"17":{"start":{"line":30,"column":14},"end":{"line":30,"column":73}},"18":{"start":{"line":31,"column":2},"end":{"line":33,"column":3}},"19":{"start":{"line":32,"column":4},"end":{"line":32,"column":69}},"20":{"start":{"line":34,"column":2},"end":{"line":34,"column":20}},"21":{"start":{"line":41,"column":14},"end":{"line":41,"column":73}},"22":{"start":{"line":42,"column":2},"end":{"line":44,"column":3}},"23":{"start":{"line":43,"column":4},"end":{"line":43,"column":71}},"24":{"start":{"line":45,"column":2},"end":{"line":45,"column":20}},"25":{"start":{"line":52,"column":14},"end":{"line":52,"column":61}},"26":{"start":{"line":53,"column":2},"end":{"line":57,"column":3}},"27":{"start":{"line":54,"column":4},"end":{"line":56,"column":6}},"28":{"start":{"line":58,"column":2},"end":{"line":58,"column":20}},"29":{"start":{"line":65,"column":14},"end":{"line":69,"column":4}},"30":{"start":{"line":70,"column":2},"end":{"line":72,"column":3}},"31":{"start":{"line":71,"column":4},"end":{"line":71,"column":51}},"32":{"start":{"line":73,"column":2},"end":{"line":73,"column":20}},"33":{"start":{"line":80,"column":14},"end":{"line":84,"column":4}},"34":{"start":{"line":85,"column":2},"end":{"line":87,"column":3}},"35":{"start":{"line":86,"column":4},"end":{"line":86,"column":73}},"36":{"start":{"line":88,"column":2},"end":{"line":88,"column":20}},"37":{"start":{"line":93,"column":14},"end":{"line":95,"column":4}},"38":{"start":{"line":96,"column":2},"end":{"line":98,"column":3}},"39":{"start":{"line":97,"column":4},"end":{"line":97,"column":65}},"40":{"start":{"line":99,"column":2},"end":{"line":99,"column":20}}},"fnMap":{"0":{"name":"getAllIngredients","decl":{"start":{"line":7,"column":22},"end":{"line":7,"column":39}},"loc":{"start":{"line":7,"column":39},"end":{"line":13,"column":1}}},"1":{"name":"getIngredientByName","decl":{"start":{"line":16,"column":22},"end":{"line":16,"column":41}},"loc":{"start":{"line":17,"column":14},"end":{"line":24,"column":1}}},"2":{"name":"getIngredientByType","decl":{"start":{"line":27,"column":22},"end":{"line":27,"column":41}},"loc":{"start":{"line":28,"column":14},"end":{"line":35,"column":1}}},"3":{"name":"getIngredientByCost","decl":{"start":{"line":38,"column":22},"end":{"line":38,"column":41}},"loc":{"start":{"line":39,"column":14},"end":{"line":46,"column":1}}},"4":{"name":"getIngredientsByExpired","decl":{"start":{"line":49,"column":22},"end":{"line":49,"column":45}},"loc":{"start":{"line":50,"column":20},"end":{"line":59,"column":1}}},"5":{"name":"addIngredient","decl":{"start":{"line":62,"column":22},"end":{"line":62,"column":35}},"loc":{"start":{"line":63,"column":25},"end":{"line":74,"column":1}}},"6":{"name":"updateIngredient","decl":{"start":{"line":77,"column":22},"end":{"line":77,"column":38}},"loc":{"start":{"line":78,"column":42},"end":{"line":89,"column":1}}},"7":{"name":"deleteIngredient","decl":{"start":{"line":92,"column":22},"end":{"line":92,"column":38}},"loc":{"start":{"line":92,"column":49},"end":{"line":100,"column":1}}}},"branchMap":{"0":{"loc":{"start":{"line":9,"column":2},"end":{"line":11,"column":3}},"type":"if","locations":[{"start":{"line":9,"column":2},"end":{"line":11,"column":3}}]},"1":{"loc":{"start":{"line":20,"column":2},"end":{"line":22,"column":3}},"type":"if","locations":[{"start":{"line":20,"column":2},"end":{"line":22,"column":3}}]},"2":{"loc":{"start":{"line":31,"column":2},"end":{"line":33,"column":3}},"type":"if","locations":[{"start":{"line":31,"column":2},"end":{"line":33,"column":3}}]},"3":{"loc":{"start":{"line":42,"column":2},"end":{"line":44,"column":3}},"type":"if","locations":[{"start":{"line":42,"column":2},"end":{"line":44,"column":3}}]},"4":{"loc":{"start":{"line":53,"column":2},"end":{"line":57,"column":3}},"type":"if","locations":[{"start":{"line":53,"column":2},"end":{"line":57,"column":3}}]},"5":{"loc":{"start":{"line":70,"column":2},"end":{"line":72,"column":3}},"type":"if","locations":[{"start":{"line":70,"column":2},"end":{"line":72,"column":3}}]},"6":{"loc":{"start":{"line":85,"column":2},"end":{"line":87,"column":3}},"type":"if","locations":[{"start":{"line":85,"column":2},"end":{"line":87,"column":3}}]},"7":{"loc":{"start":{"line":96,"column":2},"end":{"line":98,"column":3}},"type":"if","locations":[{"start":{"line":96,"column":2},"end":{"line":98,"column":3}}]}},"s":{"0":2,"1":2,"2":2,"3":2,"4":2,"5":2,"6":2,"7":2,"8":2,"9":2,"10":2,"11":1,"12":1,"13":0,"14":0,"15":0,"16":0,"17":0,"18":0,"19":0,"20":0,"21":0,"22":0,"23":0,"24":0,"25":0,"26":0,"27":0,"28":0,"29":2,"30":2,"31":1,"32":1,"33":2,"34":2,"35":1,"36":1,"37":2,"38":2,"39":0,"40":2},"f":{"0":2,"1":0,"2":0,"3":0,"4":0,"5":2,"6":2,"7":2},"b":{"0":[1],"1":[0],"2":[0],"3":[0],"4":[0],"5":[1],"6":[1],"7":[0]}}
,"/Users/tebstest/Documents/GitHub/Mystefy-Frontend/client/src/ui/services/UserServiceRoute.ts": {"path":"/Users/tebstest/Documents/GitHub/Mystefy-Frontend/client/src/ui/services/UserServiceRoute.ts","statementMap":{"0":{"start":{"line":4,"column":0},"end":{"line":4,"column":7}},"1":{"start":{"line":13,"column":0},"end":{"line":13,"column":7}},"2":{"start":{"line":27,"column":0},"end":{"line":27,"column":7}},"3":{"start":{"line":38,"column":0},"end":{"line":38,"column":7}},"4":{"start":{"line":5,"column":19},"end":{"line":5,"column":70}},"5":{"start":{"line":6,"column":2},"end":{"line":8,"column":3}},"6":{"start":{"line":7,"column":4},"end":{"line":7,"column":45}},"7":{"start":{"line":9,"column":2},"end":{"line":9,"column":25}},"8":{"start":{"line":14,"column":19},"end":{"line":18,"column":4}},"9":{"start":{"line":20,"column":2},"end":{"line":20,"column":61}},"10":{"start":{"line":20,"column":20},"end":{"line":20,"column":61}},"11":{"start":{"line":22,"column":2},"end":{"line":22,"column":25}},"12":{"start":{"line":28,"column":19},"end":{"line":30,"column":4}},"13":{"start":{"line":32,"column":2},"end":{"line":34,"column":3}},"14":{"start":{"line":33,"column":4},"end":{"line":33,"column":45}},"15":{"start":{"line":39,"column":19},"end":{"line":43,"column":4}},"16":{"start":{"line":45,"column":2},"end":{"line":45,"column":61}},"17":{"start":{"line":45,"column":20},"end":{"line":45,"column":61}},"18":{"start":{"line":47,"column":2},"end":{"line":47,"column":25}}},"fnMap":{"0":{"name":"getUsers","decl":{"start":{"line":4,"column":22},"end":{"line":4,"column":30}},"loc":{"start":{"line":4,"column":30},"end":{"line":10,"column":1}}},"1":{"name":"addUser","decl":{"start":{"line":13,"column":22},"end":{"line":13,"column":29}},"loc":{"start":{"line":13,"column":56},"end":{"line":23,"column":1}}},"2":{"name":"deleteUser","decl":{"start":{"line":27,"column":22},"end":{"line":27,"column":32}},"loc":{"start":{"line":27,"column":43},"end":{"line":35,"column":1}}},"3":{"name":"addLoginUser","decl":{"start":{"line":38,"column":22},"end":{"line":38,"column":34}},"loc":{"start":{"line":38,"column":61},"end":{"line":48,"column":1}}}},"branchMap":{"0":{"loc":{"start":{"line":6,"column":2},"end":{"line":8,"column":3}},"type":"if","locations":[{"start":{"line":6,"column":2},"end":{"line":8,"column":3}}]},"1":{"loc":{"start":{"line":20,"column":2},"end":{"line":20,"column":61}},"type":"if","locations":[{"start":{"line":20,"column":2},"end":{"line":20,"column":61}}]},"2":{"loc":{"start":{"line":32,"column":2},"end":{"line":34,"column":3}},"type":"if","locations":[{"start":{"line":32,"column":2},"end":{"line":34,"column":3}}]},"3":{"loc":{"start":{"line":45,"column":2},"end":{"line":45,"column":61}},"type":"if","locations":[{"start":{"line":45,"column":2},"end":{"line":45,"column":61}}]}},"s":{"0":1,"1":1,"2":1,"3":1,"4":2,"5":2,"6":1,"7":1,"8":2,"9":2,"10":1,"11":1,"12":1,"13":1,"14":0,"15":1,"16":1,"17":0,"18":1},"f":{"0":2,"1":2,"2":1,"3":1},"b":{"0":[1],"1":[1],"2":[0],"3":[0]}}
,"/Users/tebstest/Documents/GitHub/Mystefy-Frontend/client/src/ui/services/WarehouseServiceRoute.ts": {"path":"/Users/tebstest/Documents/GitHub/Mystefy-Frontend/client/src/ui/services/WarehouseServiceRoute.ts","statementMap":{"0":{"start":{"line":4,"column":0},"end":{"line":4,"column":7}},"1":{"start":{"line":5,"column":19},"end":{"line":5,"column":75}},"2":{"start":{"line":6,"column":2},"end":{"line":8,"column":3}},"3":{"start":{"line":7,"column":4},"end":{"line":7,"column":63}},"4":{"start":{"line":9,"column":2},"end":{"line":9,"column":25}}},"fnMap":{"0":{"name":"getWarehouseById","decl":{"start":{"line":4,"column":22},"end":{"line":4,"column":38}},"loc":{"start":{"line":4,"column":49},"end":{"line":10,"column":1}}}},"branchMap":{"0":{"loc":{"start":{"line":6,"column":2},"end":{"line":8,"column":3}},"type":"if","locations":[{"start":{"line":6,"column":2},"end":{"line":8,"column":3}}]}},"s":{"0":1,"1":2,"2":2,"3":2,"4":0},"f":{"0":2},"b":{"0":[2]}}
,"/Users/tebstest/Documents/GitHub/Mystefy-Frontend/client/src/ui/services/packagingServiceRoute.ts": {"path":"/Users/tebstest/Documents/GitHub/Mystefy-Frontend/client/src/ui/services/packagingServiceRoute.ts","statementMap":{"0":{"start":{"line":10,"column":0},"end":{"line":10,"column":7}},"1":{"start":{"line":18,"column":0},"end":{"line":18,"column":7}},"2":{"start":{"line":30,"column":0},"end":{"line":30,"column":7}},"3":{"start":{"line":42,"column":0},"end":{"line":42,"column":7}},"4":{"start":{"line":60,"column":0},"end":{"line":60,"column":7}},"5":{"start":{"line":79,"column":0},"end":{"line":79,"column":7}},"6":{"start":{"line":4,"column":17},"end":{"line":4,"column":54}},"7":{"start":{"line":11,"column":14},"end":{"line":11,"column":35}},"8":{"start":{"line":12,"column":2},"end":{"line":14,"column":3}},"9":{"start":{"line":13,"column":4},"end":{"line":13,"column":54}},"10":{"start":{"line":15,"column":2},"end":{"line":15,"column":20}},"11":{"start":{"line":19,"column":19},"end":{"line":19,"column":69}},"12":{"start":{"line":20,"column":2},"end":{"line":22,"column":3}},"13":{"start":{"line":21,"column":4},"end":{"line":21,"column":55}},"14":{"start":{"line":23,"column":2},"end":{"line":23,"column":25}},"15":{"start":{"line":31,"column":14},"end":{"line":31,"column":46}},"16":{"start":{"line":32,"column":2},"end":{"line":34,"column":3}},"17":{"start":{"line":33,"column":4},"end":{"line":33,"column":63}},"18":{"start":{"line":35,"column":2},"end":{"line":35,"column":20}},"19":{"start":{"line":45,"column":14},"end":{"line":49,"column":4}},"20":{"start":{"line":50,"column":2},"end":{"line":52,"column":3}},"21":{"start":{"line":51,"column":4},"end":{"line":51,"column":50}},"22":{"start":{"line":53,"column":2},"end":{"line":53,"column":20}},"23":{"start":{"line":64,"column":14},"end":{"line":68,"column":4}},"24":{"start":{"line":69,"column":2},"end":{"line":71,"column":3}},"25":{"start":{"line":70,"column":4},"end":{"line":70,"column":64}},"26":{"start":{"line":72,"column":2},"end":{"line":72,"column":20}},"27":{"start":{"line":80,"column":14},"end":{"line":80,"column":68}},"28":{"start":{"line":81,"column":2},"end":{"line":83,"column":3}},"29":{"start":{"line":82,"column":4},"end":{"line":82,"column":64}}},"fnMap":{"0":{"name":"getAllPackaging","decl":{"start":{"line":10,"column":22},"end":{"line":10,"column":37}},"loc":{"start":{"line":10,"column":37},"end":{"line":16,"column":1}}},"1":{"name":"getAllPackagings","decl":{"start":{"line":18,"column":22},"end":{"line":18,"column":38}},"loc":{"start":{"line":18,"column":38},"end":{"line":24,"column":1}}},"2":{"name":"getPackagingById","decl":{"start":{"line":30,"column":22},"end":{"line":30,"column":38}},"loc":{"start":{"line":30,"column":49},"end":{"line":36,"column":1}}},"3":{"name":"addPackaging","decl":{"start":{"line":42,"column":22},"end":{"line":42,"column":34}},"loc":{"start":{"line":43,"column":24},"end":{"line":54,"column":1}}},"4":{"name":"updatePackaging","decl":{"start":{"line":60,"column":22},"end":{"line":60,"column":37}},"loc":{"start":{"line":62,"column":24},"end":{"line":73,"column":1}}},"5":{"name":"deletePackaging","decl":{"start":{"line":79,"column":22},"end":{"line":79,"column":37}},"loc":{"start":{"line":79,"column":48},"end":{"line":84,"column":1}}}},"branchMap":{"0":{"loc":{"start":{"line":12,"column":2},"end":{"line":14,"column":3}},"type":"if","locations":[{"start":{"line":12,"column":2},"end":{"line":14,"column":3}}]},"1":{"loc":{"start":{"line":20,"column":2},"end":{"line":22,"column":3}},"type":"if","locations":[{"start":{"line":20,"column":2},"end":{"line":22,"column":3}}]},"2":{"loc":{"start":{"line":32,"column":2},"end":{"line":34,"column":3}},"type":"if","locations":[{"start":{"line":32,"column":2},"end":{"line":34,"column":3}}]},"3":{"loc":{"start":{"line":50,"column":2},"end":{"line":52,"column":3}},"type":"if","locations":[{"start":{"line":50,"column":2},"end":{"line":52,"column":3}}]},"4":{"loc":{"start":{"line":69,"column":2},"end":{"line":71,"column":3}},"type":"if","locations":[{"start":{"line":69,"column":2},"end":{"line":71,"column":3}}]},"5":{"loc":{"start":{"line":81,"column":2},"end":{"line":83,"column":3}},"type":"if","locations":[{"start":{"line":81,"column":2},"end":{"line":83,"column":3}}]}},"s":{"0":2,"1":2,"2":2,"3":2,"4":2,"5":2,"6":2,"7":2,"8":2,"9":1,"10":1,"11":0,"12":0,"13":0,"14":0,"15":0,"16":0,"17":0,"18":0,"19":2,"20":2,"21":1,"22":1,"23":2,"24":2,"25":1,"26":1,"27":2,"28":2,"29":1},"f":{"0":2,"1":0,"2":0,"3":2,"4":2,"5":2},"b":{"0":[1],"1":[0],"2":[0],"3":[1],"4":[1],"5":[1]}}
}
