TN:
SF:src/ui/Components/Forms/FinishedProductComponents/ProducePerfumeForm.tsx
FN:31,(anonymous_1)
FN:44,(anonymous_2)
FN:45,fetchIngredients
FN:59,(anonymous_4)
FN:62,(anonymous_5)
FN:63,(anonymous_6)
FN:64,(anonymous_7)
FN:75,(anonymous_8)
FN:76,(anonymous_9)
FN:77,(anonymous_10)
FN:80,(anonymous_11)
FN:98,(anonymous_12)
FN:128,(anonymous_13)
FN:141,(anonymous_14)
FN:157,(anonymous_15)
FN:171,(anonymous_16)
FN:184,(anonymous_17)
FN:195,(anonymous_18)
FN:198,(anonymous_19)
FN:202,(anonymous_20)
FN:206,(anonymous_21)
FN:233,(anonymous_22)
FN:240,(anonymous_23)
FNF:23
FNH:8
FNDA:19,(anonymous_1)
FNDA:4,(anonymous_2)
FNDA:4,fetchIngredients
FNDA:0,(anonymous_4)
FNDA:0,(anonymous_5)
FNDA:0,(anonymous_6)
FNDA:0,(anonymous_7)
FNDA:0,(anonymous_8)
FNDA:0,(anonymous_9)
FNDA:0,(anonymous_10)
FNDA:0,(anonymous_11)
FNDA:0,(anonymous_12)
FNDA:3,(anonymous_13)
FNDA:3,(anonymous_14)
FNDA:3,(anonymous_15)
FNDA:3,(anonymous_16)
FNDA:0,(anonymous_17)
FNDA:0,(anonymous_18)
FNDA:0,(anonymous_19)
FNDA:30,(anonymous_20)
FNDA:0,(anonymous_21)
FNDA:0,(anonymous_22)
FNDA:0,(anonymous_23)
DA:1,1
DA:19,1
DA:20,1
DA:21,1
DA:24,1
DA:31,1
DA:33,19
DA:34,19
DA:38,19
DA:39,19
DA:40,19
DA:41,19
DA:42,19
DA:44,19
DA:46,4
DA:47,4
DA:48,4
DA:50,0
DA:53,4
DA:59,19
DA:60,0
DA:62,0
DA:63,0
DA:64,0
DA:65,0
DA:72,0
DA:75,19
DA:76,0
DA:77,0
DA:80,19
DA:81,0
DA:83,0
DA:84,0
DA:86,0
DA:94,0
DA:95,0
DA:97,0
DA:99,0
DA:106,0
DA:107,0
DA:108,0
DA:109,0
DA:110,0
DA:111,0
DA:112,0
DA:114,0
DA:115,0
DA:119,19
DA:128,3
DA:141,3
DA:157,3
DA:171,3
DA:184,0
DA:195,0
DA:198,0
DA:203,30
DA:206,0
DA:234,0
DA:241,0
DA:269,1
LF:60
LH:28
BRDA:66,0,0,0
BRDA:66,0,1,0
BRDA:66,0,2,0
BRDA:68,1,0,0
BRDA:68,1,1,0
BRDA:77,2,0,0
BRDA:77,2,1,0
BRDA:215,3,0,19
BRDA:215,3,1,0
BRF:9
BRH:1
end_of_record
TN:
SF:src/ui/Components/Forms/Record Loss/Button/RecordWasteBtn.tsx
FN:9,RecordWasteBtn
FNF:1
FNH:1
FNDA:1,RecordWasteBtn
DA:1,1
DA:2,1
DA:10,1
DA:25,1
LF:4
LH:4
BRDA:9,0,0,0
BRDA:17,1,0,0
BRDA:17,1,1,1
BRF:3
BRH:1
end_of_record
TN:
SF:src/ui/Components/Forms/Record Loss/Item/RecordItem.tsx
FN:15,RecordItem
FN:19,(anonymous_1)
FN:34,(anonymous_2)
FN:35,(anonymous_3)
FN:72,(anonymous_4)
FN:76,(anonymous_5)
FNF:6
FNH:3
FNDA:1,RecordItem
FNDA:2,(anonymous_1)
FNDA:1,(anonymous_2)
FNDA:0,(anonymous_3)
FNDA:0,(anonymous_4)
FNDA:0,(anonymous_5)
DA:1,1
DA:2,1
DA:15,1
DA:16,1
DA:19,1
DA:20,2
DA:22,0
DA:24,0
DA:26,0
DA:28,0
DA:30,2
DA:34,1
DA:35,1
DA:36,0
DA:38,0
DA:40,0
DA:41,0
DA:43,0
DA:44,0
DA:46,0
DA:47,0
DA:49,0
DA:50,0
DA:52,0
DA:53,0
DA:55,0
DA:56,0
DA:58,0
DA:62,1
DA:65,1
DA:72,0
DA:77,0
LF:32
LH:11
BRDA:20,0,0,0
BRDA:20,0,1,0
BRDA:20,0,2,0
BRDA:20,0,3,0
BRDA:20,0,4,2
BRDA:38,1,0,0
BRDA:38,1,1,0
BRDA:38,1,2,0
BRDA:38,1,3,0
BRDA:38,1,4,0
BRDA:62,2,0,0
BRF:11
BRH:1
end_of_record
TN:
SF:src/ui/Components/Forms/Record Loss/Item Type/Itemtype.tsx
FN:8,ItemType
FN:16,(anonymous_1)
FNF:2
FNH:1
FNDA:1,ItemType
FNDA:0,(anonymous_1)
DA:1,1
DA:8,1
DA:9,1
DA:16,0
LF:4
LH:3
BRF:0
BRH:0
end_of_record
TN:
SF:src/ui/Components/Forms/Record Loss/Quantity Lost/QuantityForm.tsx
FN:9,QuantityForm
FN:24,(anonymous_2)
FNF:2
FNH:1
FNDA:1,QuantityForm
FNDA:0,(anonymous_2)
DA:1,1
DA:2,1
DA:9,1
DA:10,1
DA:24,0
LF:5
LH:4
BRF:0
BRH:0
end_of_record
TN:
SF:src/ui/Components/Forms/Record Loss/Reason/ReasonForm.tsx
FN:9,ReasonForm
FN:20,(anonymous_2)
FNF:2
FNH:1
FNDA:1,ReasonForm
FNDA:0,(anonymous_2)
DA:1,1
DA:2,1
DA:9,1
DA:10,1
DA:20,0
LF:5
LH:4
BRF:0
BRH:0
end_of_record
TN:
SF:src/ui/Components/Forms/Record Loss/Select/UserSelect.tsx
FN:12,UserSelect
FN:15,(anonymous_1)
FN:16,(anonymous_2)
FN:28,(anonymous_3)
FN:46,(anonymous_4)
FNF:5
FNH:4
FNDA:2,UserSelect
FNDA:1,(anonymous_1)
FNDA:1,(anonymous_2)
FNDA:0,(anonymous_3)
FNDA:1,(anonymous_4)
DA:1,1
DA:2,1
DA:5,1
DA:12,1
DA:13,2
DA:15,2
DA:16,1
DA:17,1
DA:18,1
DA:19,1
DA:21,0
DA:25,1
DA:28,2
DA:29,0
DA:32,2
DA:47,1
LF:16
LH:14
BRF:0
BRH:0
end_of_record
TN:
SF:src/ui/Components/Forms/Record Loss/Select/WarehouseSelect.tsx
FN:12,WarehouseSelect
FN:15,(anonymous_1)
FN:16,(anonymous_2)
FN:31,(anonymous_3)
FN:57,(anonymous_4)
FNF:5
FNH:3
FNDA:1,WarehouseSelect
FNDA:1,(anonymous_1)
FNDA:1,(anonymous_2)
FNDA:0,(anonymous_3)
FNDA:0,(anonymous_4)
DA:1,1
DA:2,1
DA:4,1
DA:12,1
DA:13,1
DA:15,1
DA:16,1
DA:17,1
DA:18,1
DA:22,0
DA:24,1
DA:28,1
DA:31,1
DA:32,0
DA:35,1
DA:58,0
LF:16
LH:13
BRF:0
BRH:0
end_of_record
TN:
SF:src/ui/Components/Tabs/Record Loss/RecordLoss.tsx
FN:11,RecordLoss
FN:19,(anonymous_2)
FNF:2
FNH:1
FNDA:1,RecordLoss
FNDA:0,(anonymous_2)
DA:1,1
DA:2,1
DA:3,1
DA:4,1
DA:5,1
DA:6,1
DA:7,1
DA:8,1
DA:9,1
DA:12,1
DA:13,1
DA:14,1
DA:15,1
DA:16,1
DA:17,1
DA:19,1
DA:20,0
DA:28,0
DA:29,0
DA:31,0
DA:33,0
DA:34,0
DA:35,0
DA:37,0
DA:38,0
DA:39,0
DA:41,0
DA:42,0
DA:43,0
DA:45,0
DA:46,0
DA:47,0
DA:49,0
DA:50,0
DA:53,0
DA:54,0
DA:60,0
DA:62,0
DA:65,0
DA:66,0
DA:67,0
DA:68,0
DA:69,0
DA:70,0
DA:72,0
DA:73,0
DA:74,0
DA:80,1
DA:87,1
DA:149,1
LF:50
LH:19
BRDA:31,0,0,0
BRDA:31,0,1,0
BRDA:31,0,2,0
BRDA:31,0,3,0
BRDA:31,0,4,0
BRDA:60,1,0,0
BRDA:80,2,0,1
BRDA:80,2,1,0
BRDA:80,2,2,0
BRDA:80,2,3,0
BRDA:80,2,4,0
BRDA:80,2,5,0
BRF:12
BRH:1
end_of_record
TN:
SF:src/ui/services/BatchFinishedProductServiceRoute.ts
FN:5,getFinishedProducts
FNF:1
FNH:1
FNDA:2,getFinishedProducts
DA:3,1
DA:5,1
DA:6,2
DA:7,2
DA:8,1
DA:10,1
LF:6
LH:6
BRDA:7,0,0,1
BRF:1
BRH:1
end_of_record
TN:
SF:src/ui/services/FinishedProductService.ts
FN:6,getFinishedProducts
FN:14,deleteFinishedProduct
FN:24,addFinishedProduct
FN:40,addFinishedProductPackaging
FNF:4
FNH:2
FNDA:2,getFinishedProducts
FNDA:2,deleteFinishedProduct
FNDA:0,addFinishedProduct
FNDA:0,addFinishedProductPackaging
DA:3,1
DA:4,1
DA:6,1
DA:7,2
DA:8,2
DA:9,1
DA:11,1
DA:14,1
DA:15,2
DA:19,2
DA:20,1
DA:24,1
DA:29,0
DA:35,0
DA:37,0
DA:40,1
DA:43,0
DA:49,0
DA:51,0
LF:19
LH:13
BRDA:8,0,0,1
BRDA:19,1,0,1
BRDA:35,2,0,0
BRDA:49,3,0,0
BRF:4
BRH:2
end_of_record
TN:
SF:src/ui/services/IngredientsServiceRoutes.ts
FN:7,getAllIngredients
FN:16,getIngredientByName
FN:27,getIngredientByType
FN:38,getIngredientByCost
FN:49,getIngredientsByExpired
FN:62,addIngredient
FN:77,updateIngredient
FN:92,deleteIngredient
FNF:8
FNH:4
FNDA:2,getAllIngredients
FNDA:0,getIngredientByName
FNDA:0,getIngredientByType
FNDA:0,getIngredientByCost
FNDA:0,getIngredientsByExpired
FNDA:2,addIngredient
FNDA:2,updateIngredient
FNDA:2,deleteIngredient
DA:4,2
DA:7,2
DA:8,2
DA:9,2
DA:10,1
DA:12,1
DA:16,2
DA:19,0
DA:20,0
DA:21,0
DA:23,0
DA:27,2
DA:30,0
DA:31,0
DA:32,0
DA:34,0
DA:38,2
DA:41,0
DA:42,0
DA:43,0
DA:45,0
DA:49,2
DA:52,0
DA:53,0
DA:54,0
DA:58,0
DA:62,2
DA:65,2
DA:70,2
DA:71,1
DA:73,1
DA:77,2
DA:80,2
DA:85,2
DA:86,1
DA:88,1
DA:92,2
DA:93,2
DA:96,2
DA:97,0
DA:99,2
LF:41
LH:24
BRDA:9,0,0,1
BRDA:20,1,0,0
BRDA:31,2,0,0
BRDA:42,3,0,0
BRDA:53,4,0,0
BRDA:70,5,0,1
BRDA:85,6,0,1
BRDA:96,7,0,0
BRF:8
BRH:3
end_of_record
TN:
SF:src/ui/services/UserServiceRoute.ts
FN:4,getUsers
FN:13,addUser
FN:27,deleteUser
FN:38,addLoginUser
FNF:4
FNH:4
FNDA:2,getUsers
FNDA:2,addUser
FNDA:1,deleteUser
FNDA:1,addLoginUser
DA:4,1
DA:5,2
DA:6,2
DA:7,1
DA:9,1
DA:13,1
DA:14,2
DA:20,2
DA:22,1
DA:27,1
DA:28,1
DA:32,1
DA:33,0
DA:38,1
DA:39,1
DA:45,1
DA:47,1
LF:17
LH:16
BRDA:6,0,0,1
BRDA:20,1,0,1
BRDA:32,2,0,0
BRDA:45,3,0,0
BRF:4
BRH:2
end_of_record
TN:
SF:src/ui/services/WarehouseServiceRoute.ts
FN:4,getWarehouseById
FNF:1
FNH:1
FNDA:2,getWarehouseById
DA:4,1
DA:5,2
DA:6,2
DA:7,2
DA:9,0
LF:5
LH:4
BRDA:6,0,0,2
BRF:1
BRH:1
end_of_record
TN:
SF:src/ui/services/packagingServiceRoute.ts
FN:10,getAllPackaging
FN:18,getAllPackagings
FN:30,getPackagingById
FN:42,addPackaging
FN:60,updatePackaging
FN:79,deletePackaging
FNF:6
FNH:4
FNDA:2,getAllPackaging
FNDA:0,getAllPackagings
FNDA:0,getPackagingById
FNDA:2,addPackaging
FNDA:2,updatePackaging
FNDA:2,deletePackaging
DA:4,2
DA:10,2
DA:11,2
DA:12,2
DA:13,1
DA:15,1
DA:18,2
DA:19,0
DA:20,0
DA:21,0
DA:23,0
DA:30,2
DA:31,0
DA:32,0
DA:33,0
DA:35,0
DA:42,2
DA:45,2
DA:50,2
DA:51,1
DA:53,1
DA:60,2
DA:64,2
DA:69,2
DA:70,1
DA:72,1
DA:79,2
DA:80,2
DA:81,2
DA:82,1
LF:30
LH:22
BRDA:12,0,0,1
BRDA:20,1,0,0
BRDA:32,2,0,0
BRDA:50,3,0,1
BRDA:69,4,0,1
BRDA:81,5,0,1
BRF:6
BRH:4
end_of_record
